   1               		.file	"mcp2515_buffer.c"
   2               	__SP_H__ = 0x3e
   3               	__SP_L__ = 0x3d
   4               	__SREG__ = 0x3f
   5               	__tmp_reg__ = 0
   6               	__zero_reg__ = 1
   7               		.text
   8               	.Ltext0:
   9               		.cfi_sections	.debug_frame
  10               		.section	.text.can_check_message,"ax",@progbits
  11               	.global	can_check_message
  13               	can_check_message:
  14               	.LFB19:
  15               		.file 1 "mcp2515_buffer.c"
   1:mcp2515_buffer.c **** // ----------------------------------------------------------------------------
   2:mcp2515_buffer.c **** /*
   3:mcp2515_buffer.c ****  * Copyright (c) 2007 Fabian Greif, Roboterclub Aachen e.V.
   4:mcp2515_buffer.c ****  *  All rights reserved.
   5:mcp2515_buffer.c ****  *
   6:mcp2515_buffer.c ****  * Redistribution and use in source and binary forms, with or without
   7:mcp2515_buffer.c ****  * modification, are permitted provided that the following conditions
   8:mcp2515_buffer.c ****  * are met:
   9:mcp2515_buffer.c ****  * 1. Redistributions of source code must retain the above copyright
  10:mcp2515_buffer.c ****  *    notice, this list of conditions and the following disclaimer.
  11:mcp2515_buffer.c ****  * 2. Redistributions in binary form must reproduce the above copyright
  12:mcp2515_buffer.c ****  *    notice, this list of conditions and the following disclaimer in the
  13:mcp2515_buffer.c ****  *    documentation and/or other materials provided with the distribution.
  14:mcp2515_buffer.c ****  *
  15:mcp2515_buffer.c ****  * THIS SOFTWARE IS PROVIDED BY THE AUTHOR AND CONTRIBUTORS ``AS IS'' AND
  16:mcp2515_buffer.c ****  * ANY EXPRESS OR IMPLIED WARRANTIES, INCLUDING, BUT NOT LIMITED TO, THE
  17:mcp2515_buffer.c ****  * IMPLIED WARRANTIES OF MERCHANTABILITY AND FITNESS FOR A PARTICULAR PURPOSE
  18:mcp2515_buffer.c ****  * ARE DISCLAIMED.  IN NO EVENT SHALL THE REGENTS OR CONTRIBUTORS BE LIABLE
  19:mcp2515_buffer.c ****  * FOR ANY DIRECT, INDIRECT, INCIDENTAL, SPECIAL, EXEMPLARY, OR CONSEQUENTIAL
  20:mcp2515_buffer.c ****  * DAMAGES (INCLUDING, BUT NOT LIMITED TO, PROCUREMENT OF SUBSTITUTE GOODS
  21:mcp2515_buffer.c ****  * OR SERVICES; LOSS OF USE, DATA, OR PROFITS; OR BUSINESS INTERRUPTION)
  22:mcp2515_buffer.c ****  * HOWEVER CAUSED AND ON ANY THEORY OF LIABILITY, WHETHER IN CONTRACT, STRICT
  23:mcp2515_buffer.c ****  * LIABILITY, OR TORT (INCLUDING NEGLIGENCE OR OTHERWISE) ARISING IN ANY WAY
  24:mcp2515_buffer.c ****  * OUT OF THE USE OF THIS SOFTWARE, EVEN IF ADVISED OF THE POSSIBILITY OF
  25:mcp2515_buffer.c ****  * SUCH DAMAGE.
  26:mcp2515_buffer.c ****  *
  27:mcp2515_buffer.c ****  * $Id: mcp2515_buffer.c 6653 2008-09-02 13:51:25Z fabian $
  28:mcp2515_buffer.c ****  */
  29:mcp2515_buffer.c **** // ----------------------------------------------------------------------------
  30:mcp2515_buffer.c **** 
  31:mcp2515_buffer.c **** #include "mcp2515_private.h"
  32:mcp2515_buffer.c **** #ifdef	SUPPORT_FOR_MCP2515__
  33:mcp2515_buffer.c **** 
  34:mcp2515_buffer.c **** // ----------------------------------------------------------------------------
  35:mcp2515_buffer.c **** // check if there are any new messages waiting
  36:mcp2515_buffer.c **** 
  37:mcp2515_buffer.c **** bool mcp2515_check_message(void)
  38:mcp2515_buffer.c **** {
  16               		.loc 1 38 0
  17               		.cfi_startproc
  18               	/* prologue: function */
  19               	/* frame size = 0 */
  20               	/* stack size = 0 */
  21               	.L__stack_usage = 0
  39:mcp2515_buffer.c **** 	#if defined(MCP2515_INT)
  40:mcp2515_buffer.c **** 		return ((!IS_SET(MCP2515_INT)) ? true : false);
  22               		.loc 1 40 0
  23 0000 83B1      		in r24,0x3
  24 0002 8095      		com r24
  41:mcp2515_buffer.c **** 	#else
  42:mcp2515_buffer.c **** 		#ifdef RXnBF_FUNKTION
  43:mcp2515_buffer.c **** 			if (!IS_SET(MCP2515_RX0BF) || !IS_SET(MCP2515_RX1BF))
  44:mcp2515_buffer.c **** 				return true;
  45:mcp2515_buffer.c **** 			else
  46:mcp2515_buffer.c **** 				return false;
  47:mcp2515_buffer.c **** 		#else
  48:mcp2515_buffer.c **** 			return ((mcp2515_read_status(SPI_RX_STATUS) & 0xC0) ? true : false);
  49:mcp2515_buffer.c **** 		#endif
  50:mcp2515_buffer.c **** 	#endif
  51:mcp2515_buffer.c **** }
  25               		.loc 1 51 0
  26 0004 8170      		andi r24,lo8(1)
  27               	/* epilogue start */
  28 0006 0895      		ret
  29               		.cfi_endproc
  30               	.LFE19:
  32               		.section	.text.can_check_free_buffer,"ax",@progbits
  33               	.global	can_check_free_buffer
  35               	can_check_free_buffer:
  36               	.LFB20:
  52:mcp2515_buffer.c **** 
  53:mcp2515_buffer.c **** // ----------------------------------------------------------------------------
  54:mcp2515_buffer.c **** // check if there is a free buffer to send messages
  55:mcp2515_buffer.c **** 
  56:mcp2515_buffer.c **** bool mcp2515_check_free_buffer(void)
  57:mcp2515_buffer.c **** {
  37               		.loc 1 57 0
  38               		.cfi_startproc
  39               	/* prologue: function */
  40               	/* frame size = 0 */
  41               	/* stack size = 0 */
  42               	.L__stack_usage = 0
  58:mcp2515_buffer.c **** 	uint8_t status = mcp2515_read_status(SPI_READ_STATUS);
  43               		.loc 1 58 0
  44 0000 80EA      		ldi r24,lo8(-96)
  45 0002 0E94 0000 		call mcp2515_read_status
  46               	.LVL0:
  59:mcp2515_buffer.c **** 	
  60:mcp2515_buffer.c **** 	if ((status & 0x54) == 0x54)
  47               		.loc 1 60 0
  48 0006 982F      		mov r25,r24
  49 0008 9475      		andi r25,lo8(84)
  50 000a 81E0      		ldi r24,lo8(1)
  51               	.LVL1:
  52 000c 9435      		cpi r25,lo8(84)
  53 000e 01F4      		brne .L3
  54 0010 80E0      		ldi r24,0
  55               	.L3:
  56               	/* epilogue start */
  61:mcp2515_buffer.c **** 		return false;		// all buffers used
  62:mcp2515_buffer.c **** 	else
  63:mcp2515_buffer.c **** 		return true;
  64:mcp2515_buffer.c **** }
  57               		.loc 1 64 0
  58 0012 0895      		ret
  59               		.cfi_endproc
  60               	.LFE20:
  62               		.text
  63               	.Letext0:
  64               		.file 2 "/home/joaoantoniocardoso/.arduino15/packages/arduino/tools/avr-gcc/7.3.0-atmel3.6.1-ardui
  65               		.file 3 "mcp2515_private.h"
DEFINED SYMBOLS
                            *ABS*:0000000000000000 mcp2515_buffer.c
     /tmp/cchWJfQm.s:2      *ABS*:000000000000003e __SP_H__
     /tmp/cchWJfQm.s:3      *ABS*:000000000000003d __SP_L__
     /tmp/cchWJfQm.s:4      *ABS*:000000000000003f __SREG__
     /tmp/cchWJfQm.s:5      *ABS*:0000000000000000 __tmp_reg__
     /tmp/cchWJfQm.s:6      *ABS*:0000000000000001 __zero_reg__
     /tmp/cchWJfQm.s:13     .text.can_check_message:0000000000000000 can_check_message
     /tmp/cchWJfQm.s:35     .text.can_check_free_buffer:0000000000000000 can_check_free_buffer

UNDEFINED SYMBOLS
mcp2515_read_status
