   1               		.file	"mcp2515_error_register.c"
   2               	__SP_H__ = 0x3e
   3               	__SP_L__ = 0x3d
   4               	__SREG__ = 0x3f
   5               	__tmp_reg__ = 0
   6               	__zero_reg__ = 1
   7               		.text
   8               	.Ltext0:
   9               		.cfi_sections	.debug_frame
  10               		.section	.text.can_read_error_register,"ax",@progbits
  11               	.global	can_read_error_register
  13               	can_read_error_register:
  14               	.LFB19:
  15               		.file 1 "mcp2515_error_register.c"
   1:mcp2515_error_register.c **** // ----------------------------------------------------------------------------
   2:mcp2515_error_register.c **** /*
   3:mcp2515_error_register.c ****  * Copyright (c) 2007 Fabian Greif, Roboterclub Aachen e.V.
   4:mcp2515_error_register.c ****  *  All rights reserved.
   5:mcp2515_error_register.c ****  *
   6:mcp2515_error_register.c ****  * Redistribution and use in source and binary forms, with or without
   7:mcp2515_error_register.c ****  * modification, are permitted provided that the following conditions
   8:mcp2515_error_register.c ****  * are met:
   9:mcp2515_error_register.c ****  * 1. Redistributions of source code must retain the above copyright
  10:mcp2515_error_register.c ****  *    notice, this list of conditions and the following disclaimer.
  11:mcp2515_error_register.c ****  * 2. Redistributions in binary form must reproduce the above copyright
  12:mcp2515_error_register.c ****  *    notice, this list of conditions and the following disclaimer in the
  13:mcp2515_error_register.c ****  *    documentation and/or other materials provided with the distribution.
  14:mcp2515_error_register.c ****  *
  15:mcp2515_error_register.c ****  * THIS SOFTWARE IS PROVIDED BY THE AUTHOR AND CONTRIBUTORS ``AS IS'' AND
  16:mcp2515_error_register.c ****  * ANY EXPRESS OR IMPLIED WARRANTIES, INCLUDING, BUT NOT LIMITED TO, THE
  17:mcp2515_error_register.c ****  * IMPLIED WARRANTIES OF MERCHANTABILITY AND FITNESS FOR A PARTICULAR PURPOSE
  18:mcp2515_error_register.c ****  * ARE DISCLAIMED.  IN NO EVENT SHALL THE REGENTS OR CONTRIBUTORS BE LIABLE
  19:mcp2515_error_register.c ****  * FOR ANY DIRECT, INDIRECT, INCIDENTAL, SPECIAL, EXEMPLARY, OR CONSEQUENTIAL
  20:mcp2515_error_register.c ****  * DAMAGES (INCLUDING, BUT NOT LIMITED TO, PROCUREMENT OF SUBSTITUTE GOODS
  21:mcp2515_error_register.c ****  * OR SERVICES; LOSS OF USE, DATA, OR PROFITS; OR BUSINESS INTERRUPTION)
  22:mcp2515_error_register.c ****  * HOWEVER CAUSED AND ON ANY THEORY OF LIABILITY, WHETHER IN CONTRACT, STRICT
  23:mcp2515_error_register.c ****  * LIABILITY, OR TORT (INCLUDING NEGLIGENCE OR OTHERWISE) ARISING IN ANY WAY
  24:mcp2515_error_register.c ****  * OUT OF THE USE OF THIS SOFTWARE, EVEN IF ADVISED OF THE POSSIBILITY OF
  25:mcp2515_error_register.c ****  * SUCH DAMAGE.
  26:mcp2515_error_register.c ****  *
  27:mcp2515_error_register.c ****  * $Id: mcp2515_error_register.c 6837 2008-11-16 19:05:15Z fabian $
  28:mcp2515_error_register.c ****  */
  29:mcp2515_error_register.c **** // ----------------------------------------------------------------------------
  30:mcp2515_error_register.c **** 
  31:mcp2515_error_register.c **** #include "mcp2515_private.h"
  32:mcp2515_error_register.c **** #ifdef	SUPPORT_FOR_MCP2515__
  33:mcp2515_error_register.c **** 
  34:mcp2515_error_register.c **** // ----------------------------------------------------------------------------
  35:mcp2515_error_register.c **** can_error_register_t mcp2515_read_error_register(void)
  36:mcp2515_error_register.c **** {
  16               		.loc 1 36 0
  17               		.cfi_startproc
  18 0000 CF93      		push r28
  19               	.LCFI0:
  20               		.cfi_def_cfa_offset 3
  21               		.cfi_offset 28, -2
  22               	/* prologue: function */
  23               	/* frame size = 0 */
  24               	/* stack size = 1 */
  25               	.L__stack_usage = 1
  37:mcp2515_error_register.c **** 	can_error_register_t error;
  38:mcp2515_error_register.c **** 	
  39:mcp2515_error_register.c **** 	error.tx = mcp2515_read_register(TEC);
  26               		.loc 1 39 0
  27 0002 8CE1      		ldi r24,lo8(28)
  28 0004 0E94 0000 		call mcp2515_read_register
  29               	.LVL0:
  30 0008 C82F      		mov r28,r24
  31               	.LVL1:
  40:mcp2515_error_register.c **** 	error.rx = mcp2515_read_register(REC);
  32               		.loc 1 40 0
  33 000a 8DE1      		ldi r24,lo8(29)
  34               	.LVL2:
  35 000c 0E94 0000 		call mcp2515_read_register
  36               	.LVL3:
  41:mcp2515_error_register.c **** 	
  42:mcp2515_error_register.c **** 	return error;
  43:mcp2515_error_register.c **** }
  37               		.loc 1 43 0
  38 0010 9C2F      		mov r25,r28
  39               	/* epilogue start */
  40 0012 CF91      		pop r28
  41 0014 0895      		ret
  42               		.cfi_endproc
  43               	.LFE19:
  45               		.text
  46               	.Letext0:
  47               		.file 2 "../can.h"
  48               		.file 3 "/home/joaoantoniocardoso/.arduino15/packages/arduino/tools/avr-gcc/7.3.0-atmel3.6.1-ardui
  49               		.file 4 "mcp2515_private.h"
DEFINED SYMBOLS
                            *ABS*:0000000000000000 mcp2515_error_register.c
     /tmp/ccGv8LUb.s:2      *ABS*:000000000000003e __SP_H__
     /tmp/ccGv8LUb.s:3      *ABS*:000000000000003d __SP_L__
     /tmp/ccGv8LUb.s:4      *ABS*:000000000000003f __SREG__
     /tmp/ccGv8LUb.s:5      *ABS*:0000000000000000 __tmp_reg__
     /tmp/ccGv8LUb.s:6      *ABS*:0000000000000001 __zero_reg__
     /tmp/ccGv8LUb.s:13     .text.can_read_error_register:0000000000000000 can_read_error_register

UNDEFINED SYMBOLS
mcp2515_read_register
